<?xml version="1.0" encoding="utf-8"?><testsuites name="pytest tests"><testsuite name="pytest" errors="0" failures="0" skipped="0" tests="171" time="8.400" timestamp="2026-08-29T21:42:09.861308+05:30" hostname="Dheeraj"><testcase classname="tests.adversarial.test_cart_mutation" name="test_webhook_rejects_tampered_payment_amount" time="0.047" /><testcase classname="tests.adversarial.test_cart_mutation" name="test_webhook_accepts_untampered_payment_amount" time="0.032" /><testcase classname="tests.adversarial.test_idempotency" name="test_idempotent_retry_prevents_duplicate_orders" time="0.005" /><testcase classname="tests.adversarial.test_leakage" name="test_no_ground_truth_leakage_in_utterances" time="0.014" /><testcase classname="tests.adversarial.test_payment_failure" name="test_payment_failure_graceful_handling" time="0.028" /><testcase classname="tests.adversarial.test_payment_failure" name="test_payment_failure_for_unregistered_session_handles_gracefully" time="0.027" /><testcase classname="tests.adversarial.test_prompt_injection" name="test_prompt_injection_is_neutralized_by_gate" time="0.006" /><testcase classname="tests.adversarial.test_prompt_injection" name="test_adversarial_compromised_llm_repaired_or_blocked" time="0.001" /><testcase classname="tests.integration.test_dashboard" name="test_overview_renders_hero" time="0.040" /><testcase classname="tests.integration.test_dashboard" name="test_overview_renders_divergence_svg" time="0.029" /><testcase classname="tests.integration.test_dashboard" name="test_overview_renders_trust_boundary" time="0.026" /><testcase classname="tests.integration.test_dashboard" name="test_overview_kpi_band" time="0.024" /><testcase classname="tests.integration.test_dashboard" name="test_registry_still_works" time="0.038" /><testcase classname="tests.integration.test_dashboard" name="test_trace_route_still_200_with_seed" time="0.059" /><testcase classname="tests.integration.test_dashboard" name="test_no_dark_mode" time="0.002" /><testcase classname="tests.integration.test_demo_console" name="test_demo_page_redirects_to_live" time="0.042" /><testcase classname="tests.integration.test_demo_console" name="test_demo_negotiate_valid" time="0.033" /><testcase classname="tests.integration.test_demo_console" name="test_demo_negotiate_oversized_utterance" time="0.028" /><testcase classname="tests.integration.test_demo_console" name="test_demo_injection_scenario" time="0.027" /><testcase classname="tests.integration.test_demo_console" name="test_demo_cart_mutation_scenario" time="0.037" /><testcase classname="tests.integration.test_demo_console" name="test_demo_live_order_disabled_when_mock" time="0.048" /><testcase classname="tests.integration.test_demo_console" name="test_demo_live_llm_button_disabled_in_html" time="0.031" /><testcase classname="tests.integration.test_demo_console" name="test_overview_kpi_renders_build_info_constant" time="0.039" /><testcase classname="tests.integration.test_evidence" name="test_evidence_page_renders_with_samples" time="0.087" /><testcase classname="tests.integration.test_evidence" name="test_evidence_page_graceful_missing_jsons" time="0.040" /><testcase classname="tests.integration.test_evidence" name="test_nav_contains_evidence_on_all_pages" time="0.088" /><testcase classname="tests.integration.test_evidence" name="test_overview_cta_points_to_evidence" time="0.031" /><testcase classname="tests.integration.test_evidence" name="test_generate_evidence_samples_schema" time="0.046" /><testcase classname="tests.integration.test_evidence" name="test_generate_adversarial_evidence_schema" time="0.016" /><testcase classname="tests.integration.test_health_endpoint" name="test_health_endpoint_mock_mode" time="0.037" /><testcase classname="tests.integration.test_health_endpoint" name="test_health_endpoint_live_mode" time="0.031" /><testcase classname="tests.integration.test_history" name="test_history_page_renders_with_sessions" time="0.037" /><testcase classname="tests.integration.test_history" name="test_dashboard_alias_remains_200" time="0.030" /><testcase classname="tests.integration.test_history" name="test_session_trace_page_renders" time="0.033" /><testcase classname="tests.integration.test_live_validation" name="test_openai_provider_json_parsing" time="4.302" /><testcase classname="tests.integration.test_live_validation" name="test_openai_provider_json_with_markdown_fences" time="0.005" /><testcase classname="tests.integration.test_live_validation" name="test_openai_provider_fallback_on_malformed_json" time="0.004" /><testcase classname="tests.integration.test_live_validation" name="test_openai_provider_handles_api_exception" time="0.003" /><testcase classname="tests.integration.test_sse" name="test_sse_endpoint_connects[asyncio]" time="0.004" /><testcase classname="tests.integration.test_sse" name="test_sse_streams_recorded_events[asyncio]" time="0.004" /><testcase classname="tests.integration.test_sse" name="test_summary_endpoint" time="0.028" /><testcase classname="tests.integration.test_theater" name="test_theater_solo_run_sse[asyncio]" time="0.006" /><testcase classname="tests.integration.test_theater" name="test_theater_race_run_sse[asyncio]" time="0.007" /><testcase classname="tests.integration.test_theater" name="test_theater_random_buyer[asyncio]" time="0.006" /><testcase classname="tests.integration.test_theater" name="test_theater_live_llm_conflict_when_mock" time="0.035" /><testcase classname="tests.integration.test_validation_api" name="test_validation_page_renders_200" time="0.034" /><testcase classname="tests.integration.test_validation_api" name="test_post_validation_run_hermetic_and_report_results" time="0.013" /><testcase classname="tests.integration.test_validation_api" name="test_validation_sse_stream[asyncio]" time="0.003" /><testcase classname="tests.integration.test_validation_api" name="test_live_checks_skipped_when_mock" time="0.002" /><testcase classname="tests.integration.test_validation_api" name="test_live_razorpay_with_mock_transport" time="0.004" /><testcase classname="tests.integration.test_validation_api" name="test_live_llm_with_stubbed_provider" time="0.002" /><testcase classname="tests.integration.test_validation_api" name="test_validation_report_contains_no_secrets" time="0.455" /><testcase classname="tests.integration.test_validation_api" name="test_overview_renders_proof_strip" time="0.030" /><testcase classname="tests.integration.test_webhook_endpoint" name="test_webhook_endpoint_rejects_missing_signature" time="0.035" /><testcase classname="tests.integration.test_webhook_endpoint" name="test_webhook_endpoint_rejects_invalid_signature" time="0.043" /><testcase classname="tests.integration.test_webhook_endpoint" name="test_webhook_endpoint_rejects_tampered_body" time="0.023" /><testcase classname="tests.integration.test_webhook_endpoint" name="test_webhook_endpoint_accepts_valid_signed_payment_captured" time="0.024" /><testcase classname="tests.integration.test_webhook_endpoint" name="test_webhook_endpoint_accepts_valid_signed_payment_failed" time="0.033" /><testcase classname="tests.integration.test_webhook_endpoint" name="test_webhook_endpoint_accepts_unknown_event_gracefully" time="0.022" /><testcase classname="tests.integration.test_webhook_endpoint" name="test_webhook_endpoint_rejects_malformed_known_event" time="0.030" /><testcase classname="tests.unit.test_agent_boundary" name="test_agent_input_rejects_ground_truth" time="0.003" /><testcase classname="tests.unit.test_agent_boundary" name="test_agent_input_valid_instantiation" time="0.001" /><testcase classname="tests.unit.test_agent_boundary" name="test_rules_agent_rejects_simulated_scenario_direct_input" time="0.002" /><testcase classname="tests.unit.test_buyer_simulator" name="test_buyer_accepts_high_utility" time="0.001" /><testcase classname="tests.unit.test_buyer_simulator" name="test_buyer_rejects_low_utility" time="0.001" /><testcase classname="tests.unit.test_buyer_simulator" name="test_buyer_counters_medium_utility" time="0.001" /><testcase classname="tests.unit.test_buyer_simulator" name="test_buyer_rejects_missing_product" time="0.001" /><testcase classname="tests.unit.test_buyer_simulator" name="test_buyer_rejects_high_divergence_first_round" time="0.001" /><testcase classname="tests.unit.test_commerceproof" name="test_commerceproof_executes_valid_offer" time="0.001" /><testcase classname="tests.unit.test_commerceproof" name="test_commerceproof_repairs_margin_violation" time="0.001" /><testcase classname="tests.unit.test_commerceproof" name="test_commerceproof_repairs_discount_cap_violation" time="0.001" /><testcase classname="tests.unit.test_commerceproof" name="test_commerceproof_blocks_out_of_stock" time="0.001" /><testcase classname="tests.unit.test_commerceproof" name="test_commerceproof_blocks_cumulative_budget_exceeded" time="0.003" /><testcase classname="tests.unit.test_commerceproof" name="test_commerceproof_repairs_partial_budget_remaining" time="0.001" /><testcase classname="tests.unit.test_commerceproof" name="test_commerceproof_hash_mismatches_on_tampering" time="0.001" /><testcase classname="tests.unit.test_commerceproof" name="test_commerceproof_blocks_unlisted_sku" time="0.001" /><testcase classname="tests.unit.test_commerceproof" name="test_commerceproof_contract_invariants" time="0.001" /><testcase classname="tests.unit.test_contracts" name="test_valid_checkout_snapshot_passes" time="0.001" /><testcase classname="tests.unit.test_contracts" name="test_checkout_snapshot_negative_amount_fails" time="0.001" /><testcase classname="tests.unit.test_contracts" name="test_checkout_snapshot_non_inr_currency_fails" time="0.001" /><testcase classname="tests.unit.test_contracts" name="test_checkout_snapshot_empty_line_items_fails" time="0.001" /><testcase classname="tests.unit.test_contracts" name="test_checkout_line_item_invalid_quantity_fails" time="0.001" /><testcase classname="tests.unit.test_contracts" name="test_checkout_line_item_negative_amount_fails" time="0.002" /><testcase classname="tests.unit.test_contracts" name="test_contracts_extra_fields_forbidden" time="0.001" /><testcase classname="tests.unit.test_contracts" name="test_razorpay_order_request_serialization_aliases" time="0.001" /><testcase classname="tests.unit.test_contracts" name="test_razorpay_order_inbound_parsing" time="0.001" /><testcase classname="tests.unit.test_contracts" name="test_razorpay_payment_entity_inbound_parsing" time="0.001" /><testcase classname="tests.unit.test_contracts" name="test_razorpay_webhook_event_parsing" time="0.001" /><testcase classname="tests.unit.test_contracts" name="test_unknown_webhook_event_model" time="0.001" /><testcase classname="tests.unit.test_contracts" name="test_evaluation_contracts_invariants" time="0.001" /><testcase classname="tests.unit.test_evaluation_harness" name="test_paired_design_isolation" time="0.003" /><testcase classname="tests.unit.test_evaluation_harness" name="test_harness_computes_divergence_buckets" time="0.003" /><testcase classname="tests.unit.test_evaluation_harness" name="test_gate_rejection_tracking" time="0.002" /><testcase classname="tests.unit.test_evaluation_harness" name="test_divergence_produces_delta" time="0.011" /><testcase classname="tests.unit.test_evaluation_harness" name="test_gate_rejection_nonzero" time="0.002" /><testcase classname="tests.unit.test_growth_agent" name="test_growth_agent_interface_compliance" time="0.001" /><testcase classname="tests.unit.test_growth_agent" name="test_growth_agent_clamps_llm_violations" time="0.001" /><testcase classname="tests.unit.test_growth_agent" name="test_growth_agent_sku_hallucination_defense" time="0.001" /><testcase classname="tests.unit.test_growth_agent" name="test_growth_agent_margin_floor_clamping" time="0.001" /><testcase classname="tests.unit.test_hashing" name="test_sha256_hex_deterministic" time="0.001" /><testcase classname="tests.unit.test_hashing" name="test_canonical_checkout_hash_deterministic" time="0.002" /><testcase classname="tests.unit.test_hashing" name="test_canonical_hash_changes_on_amount" time="0.001" /><testcase classname="tests.unit.test_hashing" name="test_canonical_hash_changes_on_session_id" time="0.001" /><testcase classname="tests.unit.test_hashing" name="test_canonical_hash_changes_on_merchant_id" time="0.001" /><testcase classname="tests.unit.test_hashing" name="test_canonical_hash_changes_on_line_items" time="0.001" /><testcase classname="tests.unit.test_hmac" name="test_valid_signature_passes" time="0.001" /><testcase classname="tests.unit.test_hmac" name="test_invalid_signature_fails" time="0.001" /><testcase classname="tests.unit.test_hmac" name="test_missing_signature_fails" time="0.001" /><testcase classname="tests.unit.test_hmac" name="test_wrong_secret_fails" time="0.001" /><testcase classname="tests.unit.test_hmac" name="test_tampered_body_fails" time="0.001" /><testcase classname="tests.unit.test_ledger_persistence" name="test_trade_ledger_default_in_memory" time="0.001" /><testcase classname="tests.unit.test_ledger_persistence" name="test_trade_ledger_persists_and_reloads" time="0.016" /><testcase classname="tests.unit.test_ledger_persistence" name="test_trade_ledger_cap_behavior" time="0.231" /><testcase classname="tests.unit.test_live_adapter_request_mapping" name="test_live_adapter_request_mapping_and_response_parsing" time="0.006" /><testcase classname="tests.unit.test_live_adapter_request_mapping" name="test_live_adapter_api_error_handling" time="0.008" /><testcase classname="tests.unit.test_live_adapter_request_mapping" name="test_live_adapter_transport_error_handling" time="0.008" /><testcase classname="tests.unit.test_llm_provider" name="test_mock_llm_deterministic" time="0.003" /><testcase classname="tests.unit.test_llm_provider" name="test_mock_llm_respects_bounds" time="0.002" /><testcase classname="tests.unit.test_llm_provider" name="test_mock_llm_override_hook" time="0.001" /><testcase classname="tests.unit.test_llm_provider" name="test_mock_llm_adapts_to_counter" time="0.002" /><testcase classname="tests.unit.test_metrics" name="test_metrics_empty_list" time="0.002" /><testcase classname="tests.unit.test_metrics" name="test_calculate_conversion_rate" time="0.001" /><testcase classname="tests.unit.test_metrics" name="test_calculate_avg_margin" time="0.001" /><testcase classname="tests.unit.test_metrics" name="test_calculate_gate_rejection_and_repair_rates" time="0.001" /><testcase classname="tests.unit.test_metrics" name="test_compute_evaluation_metrics_complete" time="0.001" /><testcase classname="tests.unit.test_mock_adapter" name="test_mock_adapter_construction" time="0.004" /><testcase classname="tests.unit.test_mock_adapter" name="test_mock_adapter_deterministic_order_creation" time="0.003" /><testcase classname="tests.unit.test_mock_adapter" name="test_mock_adapter_captured_webhook_generation" time="0.002" /><testcase classname="tests.unit.test_mock_adapter" name="test_mock_adapter_failed_webhook_generation" time="0.002" /><testcase classname="tests.unit.test_negotiation_engine" name="test_negotiation_accepts_first_round" time="0.001" /><testcase classname="tests.unit.test_negotiation_engine" name="test_negotiation_max_rounds_enforced" time="0.001" /><testcase classname="tests.unit.test_negotiation_engine" name="test_negotiation_ground_truth_isolation" time="0.001" /><testcase classname="tests.unit.test_negotiation_engine" name="test_negotiation_with_growth_agent" time="0.002" /><testcase classname="tests.unit.test_rules_baseline" name="test_signal_extraction_budget_parsing" time="0.002" /><testcase classname="tests.unit.test_rules_baseline" name="test_signal_extraction_urgency" time="0.002" /><testcase classname="tests.unit.test_rules_baseline" name="test_signal_extraction_category" time="0.001" /><testcase classname="tests.unit.test_rules_baseline" name="test_rules_agent_deterministic" time="0.001" /><testcase classname="tests.unit.test_rules_baseline" name="test_rules_agent_respects_discount_cap" time="0.001" /><testcase classname="tests.unit.test_rules_baseline" name="test_rules_agent_respects_margin_floor" time="0.001" /><testcase classname="tests.unit.test_rules_baseline" name="test_rules_agent_fallback_selection" time="0.001" /><testcase classname="tests.unit.test_rules_baseline" name="test_rules_agent_all_dev_scenarios" time="0.028" /><testcase classname="tests.unit.test_rules_baseline" name="test_rules_agent_does_not_adapt" time="0.002" /><testcase classname="tests.unit.test_settings" name="test_mock_mode_works_without_credentials" time="0.004" /><testcase classname="tests.unit.test_settings" name="test_mock_mode_with_custom_webhook_secret" time="0.003" /><testcase classname="tests.unit.test_settings" name="test_live_mode_fails_fast_when_secrets_missing" time="0.008" /><testcase classname="tests.unit.test_settings" name="test_live_llm_mode_fails_fast_when_api_key_missing" time="0.002" /><testcase classname="tests.unit.test_settings" name="test_live_mode_passes_with_all_secrets" time="0.003" /><testcase classname="tests.unit.test_settings" name="test_secrets_not_exposed_in_repr" time="0.002" /><testcase classname="tests.unit.test_simulator" name="test_marketplace_deterministic" time="0.001" /><testcase classname="tests.unit.test_simulator" name="test_marketplace_margins" time="0.005" /><testcase classname="tests.unit.test_simulator" name="test_product_price_validation" time="0.001" /><testcase classname="tests.unit.test_simulator" name="test_buyer_intent_deterministic" time="0.001" /><testcase classname="tests.unit.test_simulator" name="test_nlg_divergence_behavior" time="0.001" /><testcase classname="tests.unit.test_simulator" name="test_extra_forbid_on_new_contracts" time="0.001" /><testcase classname="tests.unit.test_simulator" name="test_simulated_scenario_roundtrip" time="0.001" /><testcase classname="tests.unit.test_trade_ledger" name="test_trade_event_strict_validation" time="0.001" /><testcase classname="tests.unit.test_trade_ledger" name="test_ledger_entry_model" time="0.001" /><testcase classname="tests.unit.test_trade_ledger" name="test_trade_ledger_record_and_get_session_trace" time="0.001" /><testcase classname="tests.unit.test_trade_ledger" name="test_trade_ledger_thread_safety" time="0.011" /><testcase classname="tests.unit.test_trade_ledger" name="test_trade_ledger_order_indexing_and_lookup" time="0.001" /><testcase classname="tests.unit.test_trade_ledger" name="test_trade_ledger_subscribe_receives_events" time="0.001" /><testcase classname="tests.unit.test_trade_ledger" name="test_trade_ledger_unsubscribe_stops_delivery" time="0.001" /><testcase classname="tests.unit.test_trade_ledger" name="test_trade_ledger_subscribe_ordering_and_drop_on_full" time="0.001" /><testcase classname="tests.unit.test_trade_ledger" name="test_trade_ledger_concurrent_subscribe_record_no_deadlock" time="0.355" /><testcase classname="tests.unit.test_validation_checks" name="test_hmac_webhook_roundtrip_check" time="0.001" /><testcase classname="tests.unit.test_validation_checks" name="test_canonical_hash_determinism_check" time="0.001" /><testcase classname="tests.unit.test_validation_checks" name="test_commerceproof_clamp_check" time="0.001" /><testcase classname="tests.unit.test_validation_checks" name="test_ground_truth_leakage_scan_passes_on_clean_data" time="0.008" /><testcase classname="tests.unit.test_validation_checks" name="test_ground_truth_leakage_scan_detects_injected_leak" time="0.001" /><testcase classname="tests.unit.test_validation_checks" name="test_negotiation_determinism_check" time="0.002" /><testcase classname="tests.unit.test_validation_checks" name="test_ledger_subscription_roundtrip_check" time="0.002" /></testsuite></testsuites>